Using pre-set license
Built from '2020.2/release' branch; Version is '2020.2.2f1 (068178b99f32) revision 426360'; Using compiler version '192528614'; Build Type 'Release'
OS: 'Windows 10 Home; OS build 19041.928; Version 2004; 64bit' Language: 'en' Physical Memory: 20423 MB
BatchMode: 1, IsHumanControllingUs: 0, StartBugReporterOnCrash: 0, Is64bit: 1, IsPro: 0

 COMMAND LINE ARGUMENTS:
C:\Program Files\Unity\Hub\Editor\2020.2.2f1\Editor\Unity.exe
-adb2
-batchMode
-noUpm
-name
AssetImportWorker0
-projectPath
C:/Users/Admin/Desktop/SHTANK RPG Repo/Player Phases/Player Phases
-logFile
Logs/AssetImportWorker0.log
-srvPort
58830
Successfully changed project path to: C:/Users/Admin/Desktop/SHTANK RPG Repo/Player Phases/Player Phases
C:/Users/Admin/Desktop/SHTANK RPG Repo/Player Phases/Player Phases
Using Asset Import Pipeline V2.
Refreshing native plugins compatible for Editor in 53.41 ms, found 0 plugins.
Preloading 0 native plugins for Editor in 0.00 ms.
Initialize engine version: 2020.2.2f1 (068178b99f32)
[Subsystems] Discovering subsystems at path C:/Program Files/Unity/Hub/Editor/2020.2.2f1/Editor/Data/Resources/UnitySubsystems
[Subsystems] Discovering subsystems at path C:/Users/Admin/Desktop/SHTANK RPG Repo/Player Phases/Player Phases/Assets
GfxDevice: creating device client; threaded=0
Direct3D:
    Version:  Direct3D 11.0 [level 11.1]
    Renderer: NVIDIA GeForce GTX 1070 (ID=0x1b81)
    Vendor:   
    VRAM:     8088 MB
    Driver:   27.21.14.5730
Initialize mono
Mono path[0] = 'C:/Program Files/Unity/Hub/Editor/2020.2.2f1/Editor/Data/Managed'
Mono path[1] = 'C:/Program Files/Unity/Hub/Editor/2020.2.2f1/Editor/Data/MonoBleedingEdge/lib/mono/unityjit'
Mono config path = 'C:/Program Files/Unity/Hub/Editor/2020.2.2f1/Editor/Data/MonoBleedingEdge/etc'
Using monoOptions --debugger-agent=transport=dt_socket,embedding=1,server=y,suspend=n,address=127.0.0.1:56576
Begin MonoManager ReloadAssembly
Registering precompiled unity dll's ...
Register platform support module: C:/Program Files/Unity/Hub/Editor/2020.2.2f1/Editor/Data/PlaybackEngines/WebGLSupport/UnityEditor.WebGL.Extensions.dll
Register platform support module: C:/Program Files/Unity/Hub/Editor/2020.2.2f1/Editor/Data/PlaybackEngines/WindowsStandaloneSupport/UnityEditor.WindowsStandalone.Extensions.dll
Registered in 0.005853 seconds.
Native extension for WindowsStandalone target not found
Native extension for WebGL target not found
Refreshing native plugins compatible for Editor in 51.48 ms, found 0 plugins.
Preloading 0 native plugins for Editor in 0.00 ms.
Invoked RoslynAnalysisRunner static constructor.
RoslynAnalysisRunner will not be running.
RoslynAnalysisRunner has terminated.
Mono: successfully reloaded assembly
- Completed reload, in  1.951 seconds
Platform modules already initialized, skipping
Registering precompiled user dll's ...
Registered in 0.006174 seconds.
Begin MonoManager ReloadAssembly
Native extension for WindowsStandalone target not found
Native extension for WebGL target not found
Refreshing native plugins compatible for Editor in 0.57 ms, found 0 plugins.
Preloading 0 native plugins for Editor in 0.00 ms.
Invoked RoslynAnalysisRunner static constructor.
RoslynAnalysisRunner will not be running.
RoslynAnalysisRunner has terminated.
Mono: successfully reloaded assembly
- Completed reload, in  3.979 seconds
Platform modules already initialized, skipping
========================================================================
Worker process is ready to serve import requests
Launched and connected shader compiler UnityShaderCompiler.exe after 0.05 seconds
Refreshing native plugins compatible for Editor in 0.32 ms, found 0 plugins.
Preloading 0 native plugins for Editor in 0.00 ms.
Unloading 1284 Unused Serialized files (Serialized files now loaded: 0)
System memory in use before: 64.6 MB.
System memory in use after: 64.7 MB.

Unloading 17 unused Assets to reduce memory usage. Loaded Objects now: 1733.
Total: 2.385000 ms (FindLiveObjects: 0.194800 ms CreateObjectMapping: 0.356100 ms MarkObjects: 1.776900 ms  DeleteObjects: 0.055800 ms)

========================================================================
Received Import Request.
  path: Assets/Scripts/Combat/UI/CharacterUI.cs
  artifactKey: Guid(1a2b176885d3bca4d9aa8df5856e3c1a) Importer(815301076,1909f56bfc062723c751e8b465ee728b)
Start importing Assets/Scripts/Combat/UI/CharacterUI.cs using Guid(1a2b176885d3bca4d9aa8df5856e3c1a) Importer(815301076,1909f56bfc062723c751e8b465ee728b)  -> (artifact id: '8e4827caba39bb998f216455ae67813e') in 0.051723 seconds
  Import took 0.053964 seconds .

========================================================================
Received Import Request.
  Time since last request: 1225.836886 seconds.
  path: Assets/Scenes/IntroScene.unity
  artifactKey: Guid(5040cb6b8d431a348b5ad992ab551005) Importer(815301076,1909f56bfc062723c751e8b465ee728b)
Start importing Assets/Scenes/IntroScene.unity using Guid(5040cb6b8d431a348b5ad992ab551005) Importer(815301076,1909f56bfc062723c751e8b465ee728b)  -> (artifact id: '9dee3fe7802b28686a35fa2030bedc18') in 0.020373 seconds
  Import took 0.025385 seconds .

========================================================================
Received Import Request.
  Time since last request: 35.993722 seconds.
  path: Assets/Scenes/CombatTest.unity
  artifactKey: Guid(d9c48de2ec93c704fbb3997f3a54c903) Importer(815301076,1909f56bfc062723c751e8b465ee728b)
Start importing Assets/Scenes/CombatTest.unity using Guid(d9c48de2ec93c704fbb3997f3a54c903) Importer(815301076,1909f56bfc062723c751e8b465ee728b)  -> (artifact id: '786b177ec53fc0848933b169f093b5e6') in 0.014055 seconds
  Import took 0.016769 seconds .

========================================================================
Received Prepare
Registering precompiled user dll's ...
Registered in 0.005400 seconds.
Begin MonoManager ReloadAssembly
Native extension for WindowsStandalone target not found
Native extension for WebGL target not found
Refreshing native plugins compatible for Editor in 0.41 ms, found 0 plugins.
Preloading 0 native plugins for Editor in 0.00 ms.
Invoked RoslynAnalysisRunner static constructor.
RoslynAnalysisRunner will not be running.
RoslynAnalysisRunner has terminated.
Mono: successfully reloaded assembly
- Completed reload, in  1.541 seconds
Platform modules already initialized, skipping
Refreshing native plugins compatible for Editor in 0.60 ms, found 0 plugins.
Preloading 0 native plugins for Editor in 0.00 ms.
Unloading 1266 Unused Serialized files (Serialized files now loaded: 0)
System memory in use before: 63.8 MB.
System memory in use after: 63.9 MB.

Unloading 10 unused Assets to reduce memory usage. Loaded Objects now: 1735.
Total: 2.297200 ms (FindLiveObjects: 0.170200 ms CreateObjectMapping: 0.049000 ms MarkObjects: 2.022500 ms  DeleteObjects: 0.053800 ms)

========================================================================
Received Prepare
Registering precompiled user dll's ...
Registered in 0.003530 seconds.
Begin MonoManager ReloadAssembly
Native extension for WindowsStandalone target not found
Native extension for WebGL target not found
Refreshing native plugins compatible for Editor in 1.14 ms, found 0 plugins.
Preloading 0 native plugins for Editor in 0.00 ms.
Invoked RoslynAnalysisRunner static constructor.
RoslynAnalysisRunner will not be running.
RoslynAnalysisRunner has terminated.
Mono: successfully reloaded assembly
- Completed reload, in  0.886 seconds
Platform modules already initialized, skipping
Refreshing native plugins compatible for Editor in 0.35 ms, found 0 plugins.
Preloading 0 native plugins for Editor in 0.00 ms.
Unloading 1266 Unused Serialized files (Serialized files now loaded: 0)
System memory in use before: 64.8 MB.
System memory in use after: 64.9 MB.

Unloading 10 unused Assets to reduce memory usage. Loaded Objects now: 1737.
Total: 2.471300 ms (FindLiveObjects: 0.165100 ms CreateObjectMapping: 0.042700 ms MarkObjects: 2.242700 ms  DeleteObjects: 0.019300 ms)

========================================================================
Received Prepare
Registering precompiled user dll's ...
Registered in 0.003577 seconds.
Begin MonoManager ReloadAssembly
Native extension for WindowsStandalone target not found
Native extension for WebGL target not found
Refreshing native plugins compatible for Editor in 0.30 ms, found 0 plugins.
Preloading 0 native plugins for Editor in 0.00 ms.
Invoked RoslynAnalysisRunner static constructor.
RoslynAnalysisRunner will not be running.
RoslynAnalysisRunner has terminated.
Mono: successfully reloaded assembly
- Completed reload, in  0.878 seconds
Platform modules already initialized, skipping
Refreshing native plugins compatible for Editor in 0.33 ms, found 0 plugins.
Preloading 0 native plugins for Editor in 0.00 ms.
Unloading 1266 Unused Serialized files (Serialized files now loaded: 0)
System memory in use before: 64.8 MB.
System memory in use after: 64.9 MB.

Unloading 10 unused Assets to reduce memory usage. Loaded Objects now: 1739.
Total: 1.698300 ms (FindLiveObjects: 0.149300 ms CreateObjectMapping: 0.041000 ms MarkObjects: 1.471600 ms  DeleteObjects: 0.035600 ms)

========================================================================
Received Prepare
Registering precompiled user dll's ...
Registered in 0.003517 seconds.
Begin MonoManager ReloadAssembly
Native extension for WindowsStandalone target not found
Native extension for WebGL target not found
Refreshing native plugins compatible for Editor in 0.35 ms, found 0 plugins.
Preloading 0 native plugins for Editor in 0.00 ms.
Invoked RoslynAnalysisRunner static constructor.
RoslynAnalysisRunner will not be running.
RoslynAnalysisRunner has terminated.
Mono: successfully reloaded assembly
- Completed reload, in  0.928 seconds
Platform modules already initialized, skipping
Refreshing native plugins compatible for Editor in 0.32 ms, found 0 plugins.
Preloading 0 native plugins for Editor in 0.00 ms.
Unloading 1266 Unused Serialized files (Serialized files now loaded: 0)
System memory in use before: 64.8 MB.
System memory in use after: 64.9 MB.

Unloading 10 unused Assets to reduce memory usage. Loaded Objects now: 1741.
Total: 2.315600 ms (FindLiveObjects: 0.158000 ms CreateObjectMapping: 0.063000 ms MarkObjects: 2.047100 ms  DeleteObjects: 0.046100 ms)

========================================================================
Received Prepare
Registering precompiled user dll's ...
Registered in 0.003997 seconds.
Begin MonoManager ReloadAssembly
Native extension for WindowsStandalone target not found
Native extension for WebGL target not found
Refreshing native plugins compatible for Editor in 0.34 ms, found 0 plugins.
Preloading 0 native plugins for Editor in 0.00 ms.
Invoked RoslynAnalysisRunner static constructor.
RoslynAnalysisRunner will not be running.
RoslynAnalysisRunner has terminated.
Mono: successfully reloaded assembly
- Completed reload, in  0.926 seconds
Platform modules already initialized, skipping
Refreshing native plugins compatible for Editor in 0.31 ms, found 0 plugins.
Preloading 0 native plugins for Editor in 0.00 ms.
Unloading 1266 Unused Serialized files (Serialized files now loaded: 0)
System memory in use before: 64.8 MB.
System memory in use after: 64.9 MB.

Unloading 10 unused Assets to reduce memory usage. Loaded Objects now: 1743.
Total: 1.781300 ms (FindLiveObjects: 0.164100 ms CreateObjectMapping: 0.056900 ms MarkObjects: 1.542200 ms  DeleteObjects: 0.016800 ms)

========================================================================
Received Prepare
Registering precompiled user dll's ...
Registered in 0.005124 seconds.
Begin MonoManager ReloadAssembly
Native extension for WindowsStandalone target not found
Native extension for WebGL target not found
Refreshing native plugins compatible for Editor in 0.43 ms, found 0 plugins.
Preloading 0 native plugins for Editor in 0.00 ms.
Invoked RoslynAnalysisRunner static constructor.
RoslynAnalysisRunner will not be running.
RoslynAnalysisRunner has terminated.
Mono: successfully reloaded assembly
- Completed reload, in  1.422 seconds
Platform modules already initialized, skipping
Refreshing native plugins compatible for Editor in 0.34 ms, found 0 plugins.
Preloading 0 native plugins for Editor in 0.00 ms.
Unloading 1266 Unused Serialized files (Serialized files now loaded: 0)
System memory in use before: 64.9 MB.
System memory in use after: 65.0 MB.

Unloading 10 unused Assets to reduce memory usage. Loaded Objects now: 1745.
Total: 2.573200 ms (FindLiveObjects: 0.197900 ms CreateObjectMapping: 0.135200 ms MarkObjects: 2.218500 ms  DeleteObjects: 0.020300 ms)

========================================================================
Received Import Request.
  Time since last request: 374.924614 seconds.
  path: Assets/Prefabs/Combat/Grid Space.prefab
  artifactKey: Guid(06e644e9a4dda52469d715ec3bbef324) Importer(815301076,1909f56bfc062723c751e8b465ee728b)
Start importing Assets/Prefabs/Combat/Grid Space.prefab using Guid(06e644e9a4dda52469d715ec3bbef324) Importer(815301076,1909f56bfc062723c751e8b465ee728b)  -> (artifact id: '93beb1da1b28aff03826f01078a251a5') in 0.110706 seconds
  Import took 0.113233 seconds .

========================================================================
Received Import Request.
  Time since last request: 41.248084 seconds.
  path: Assets/Scriptable Objects/Abilities/No Clue
  artifactKey: Guid(d76bb10165ed77a4aa0784ac0d46ac81) Importer(815301076,1909f56bfc062723c751e8b465ee728b)
Start importing Assets/Scriptable Objects/Abilities/No Clue using Guid(d76bb10165ed77a4aa0784ac0d46ac81) Importer(815301076,1909f56bfc062723c751e8b465ee728b)  -> (artifact id: '9d7d73009dc1416f7e7526e0537ff8d9') in 0.012512 seconds
  Import took 0.014958 seconds .

========================================================================
Received Import Request.
  Time since last request: 0.068266 seconds.
  path: Assets/Scriptable Objects/Abilities/No Clue/Freezer Beam.asset
  artifactKey: Guid(696c204d716b69d49a71276eaaa3b94e) Importer(815301076,1909f56bfc062723c751e8b465ee728b)
Start importing Assets/Scriptable Objects/Abilities/No Clue/Freezer Beam.asset using Guid(696c204d716b69d49a71276eaaa3b94e) Importer(815301076,1909f56bfc062723c751e8b465ee728b)  -> (artifact id: '82366bf5de418e20054b38cc9c129f1c') in 0.015314 seconds
  Import took 0.018854 seconds .

========================================================================
Received Import Request.
  Time since last request: 0.000358 seconds.
  path: Assets/Scriptable Objects/Abilities/No Clue/Sundae-to-Share.asset
  artifactKey: Guid(027226b781b70984ea5270200bd687de) Importer(815301076,1909f56bfc062723c751e8b465ee728b)
Start importing Assets/Scriptable Objects/Abilities/No Clue/Sundae-to-Share.asset using Guid(027226b781b70984ea5270200bd687de) Importer(815301076,1909f56bfc062723c751e8b465ee728b)  -> (artifact id: '864f43e93f8f7575b2a205bea2dc0653') in 0.017613 seconds
  Import took 0.020910 seconds .

========================================================================
Received Import Request.
  Time since last request: 0.000196 seconds.
  path: Assets/Scriptable Objects/Abilities/No Clue/Mega Cone.asset
  artifactKey: Guid(e7d0188b93473924094cd12cbbc69c90) Importer(815301076,1909f56bfc062723c751e8b465ee728b)
Start importing Assets/Scriptable Objects/Abilities/No Clue/Mega Cone.asset using Guid(e7d0188b93473924094cd12cbbc69c90) Importer(815301076,1909f56bfc062723c751e8b465ee728b)  -> (artifact id: 'f89d10fb193db25b5f03c778a79272c6') in 0.015675 seconds
  Import took 0.019588 seconds .

========================================================================
Received Prepare
Registering precompiled user dll's ...
Registered in 0.006935 seconds.
Begin MonoManager ReloadAssembly
Native extension for WindowsStandalone target not found
Native extension for WebGL target not found
Refreshing native plugins compatible for Editor in 0.31 ms, found 0 plugins.
Preloading 0 native plugins for Editor in 0.00 ms.
Invoked RoslynAnalysisRunner static constructor.
RoslynAnalysisRunner will not be running.
RoslynAnalysisRunner has terminated.
Mono: successfully reloaded assembly
- Completed reload, in  1.299 seconds
Platform modules already initialized, skipping
Refreshing native plugins compatible for Editor in 0.46 ms, found 0 plugins.
Preloading 0 native plugins for Editor in 0.00 ms.
Unloading 1266 Unused Serialized files (Serialized files now loaded: 0)
System memory in use before: 67.9 MB.
System memory in use after: 68.0 MB.

Unloading 10 unused Assets to reduce memory usage. Loaded Objects now: 1754.
Total: 1.986800 ms (FindLiveObjects: 0.173600 ms CreateObjectMapping: 0.043500 ms MarkObjects: 1.733300 ms  DeleteObjects: 0.035100 ms)

========================================================================
Received Prepare
Registering precompiled user dll's ...
Registered in 0.013773 seconds.
Begin MonoManager ReloadAssembly
Native extension for WindowsStandalone target not found
Native extension for WebGL target not found
Refreshing native plugins compatible for Editor in 0.44 ms, found 0 plugins.
Preloading 0 native plugins for Editor in 0.00 ms.
Invoked RoslynAnalysisRunner static constructor.
RoslynAnalysisRunner will not be running.
RoslynAnalysisRunner has terminated.
Mono: successfully reloaded assembly
- Completed reload, in  1.471 seconds
Platform modules already initialized, skipping
Refreshing native plugins compatible for Editor in 0.46 ms, found 0 plugins.
Preloading 0 native plugins for Editor in 0.00 ms.
Unloading 1266 Unused Serialized files (Serialized files now loaded: 0)
System memory in use before: 68.0 MB.
System memory in use after: 68.1 MB.

Unloading 10 unused Assets to reduce memory usage. Loaded Objects now: 1756.
Total: 4.807200 ms (FindLiveObjects: 0.370500 ms CreateObjectMapping: 0.192000 ms MarkObjects: 4.208700 ms  DeleteObjects: 0.034000 ms)

========================================================================
Received Prepare
Registering precompiled user dll's ...
Registered in 0.006775 seconds.
Begin MonoManager ReloadAssembly
Native extension for WindowsStandalone target not found
Native extension for WebGL target not found
Refreshing native plugins compatible for Editor in 0.30 ms, found 0 plugins.
Preloading 0 native plugins for Editor in 0.00 ms.
Invoked RoslynAnalysisRunner static constructor.
RoslynAnalysisRunner will not be running.
RoslynAnalysisRunner has terminated.
Mono: successfully reloaded assembly
- Completed reload, in  0.879 seconds
Platform modules already initialized, skipping
Refreshing native plugins compatible for Editor in 0.31 ms, found 0 plugins.
Preloading 0 native plugins for Editor in 0.00 ms.
Unloading 1266 Unused Serialized files (Serialized files now loaded: 0)
System memory in use before: 68.0 MB.
System memory in use after: 68.1 MB.

Unloading 10 unused Assets to reduce memory usage. Loaded Objects now: 1758.
Total: 1.879500 ms (FindLiveObjects: 0.239900 ms CreateObjectMapping: 0.040500 ms MarkObjects: 1.582800 ms  DeleteObjects: 0.015000 ms)

========================================================================
Received Prepare
Registering precompiled user dll's ...
Registered in 0.003843 seconds.
Begin MonoManager ReloadAssembly
Native extension for WindowsStandalone target not found
Native extension for WebGL target not found
Refreshing native plugins compatible for Editor in 0.30 ms, found 0 plugins.
Preloading 0 native plugins for Editor in 0.00 ms.
Invoked RoslynAnalysisRunner static constructor.
RoslynAnalysisRunner will not be running.
RoslynAnalysisRunner has terminated.
Mono: successfully reloaded assembly
- Completed reload, in  0.950 seconds
Platform modules already initialized, skipping
Refreshing native plugins compatible for Editor in 0.33 ms, found 0 plugins.
Preloading 0 native plugins for Editor in 0.00 ms.
Unloading 1266 Unused Serialized files (Serialized files now loaded: 0)
System memory in use before: 68.0 MB.
System memory in use after: 68.1 MB.

Unloading 10 unused Assets to reduce memory usage. Loaded Objects now: 1760.
Total: 2.101600 ms (FindLiveObjects: 0.153400 ms CreateObjectMapping: 0.047500 ms MarkObjects: 1.838200 ms  DeleteObjects: 0.061500 ms)

========================================================================
Received Prepare
Registering precompiled user dll's ...
Registered in 0.005543 seconds.
Begin MonoManager ReloadAssembly
Native extension for WindowsStandalone target not found
Native extension for WebGL target not found
Refreshing native plugins compatible for Editor in 0.30 ms, found 0 plugins.
Preloading 0 native plugins for Editor in 0.00 ms.
Invoked RoslynAnalysisRunner static constructor.
RoslynAnalysisRunner will not be running.
RoslynAnalysisRunner has terminated.
Mono: successfully reloaded assembly
- Completed reload, in  0.868 seconds
Platform modules already initialized, skipping
Refreshing native plugins compatible for Editor in 0.36 ms, found 0 plugins.
Preloading 0 native plugins for Editor in 0.00 ms.
Unloading 1266 Unused Serialized files (Serialized files now loaded: 0)
System memory in use before: 68.0 MB.
System memory in use after: 68.1 MB.

Unloading 10 unused Assets to reduce memory usage. Loaded Objects now: 1762.
Total: 1.887000 ms (FindLiveObjects: 0.204000 ms CreateObjectMapping: 0.058600 ms MarkObjects: 1.586100 ms  DeleteObjects: 0.037200 ms)

========================================================================
Received Prepare
Registering precompiled user dll's ...
Registered in 0.004914 seconds.
Begin MonoManager ReloadAssembly
Native extension for WindowsStandalone target not found
Native extension for WebGL target not found
Refreshing native plugins compatible for Editor in 0.44 ms, found 0 plugins.
Preloading 0 native plugins for Editor in 0.00 ms.
Invoked RoslynAnalysisRunner static constructor.
RoslynAnalysisRunner will not be running.
RoslynAnalysisRunner has terminated.
Mono: successfully reloaded assembly
- Completed reload, in  0.913 seconds
Platform modules already initialized, skipping
Refreshing native plugins compatible for Editor in 0.34 ms, found 0 plugins.
Preloading 0 native plugins for Editor in 0.00 ms.
Unloading 1266 Unused Serialized files (Serialized files now loaded: 0)
System memory in use before: 68.0 MB.
System memory in use after: 68.1 MB.

Unloading 10 unused Assets to reduce memory usage. Loaded Objects now: 1764.
Total: 2.106400 ms (FindLiveObjects: 0.176500 ms CreateObjectMapping: 0.051800 ms MarkObjects: 1.840400 ms  DeleteObjects: 0.036500 ms)

========================================================================
Received Import Request.
  Time since last request: 3457.494013 seconds.
  path: Assets/Prefabs/Combat/Player.prefab
  artifactKey: Guid(ebf724ae6f0f2e445b480c67bd04af20) Importer(815301076,1909f56bfc062723c751e8b465ee728b)
Start importing Assets/Prefabs/Combat/Player.prefab using Guid(ebf724ae6f0f2e445b480c67bd04af20) Importer(815301076,1909f56bfc062723c751e8b465ee728b)  -> (artifact id: 'b240cc883f21f7e0c6f29fadf4384762') in 0.224377 seconds
  Import took 0.228217 seconds .

========================================================================
Received Import Request.
  Time since last request: 4.442505 seconds.
  path: Assets/Prefabs/Combat/Player.prefab
  artifactKey: Guid(ebf724ae6f0f2e445b480c67bd04af20) Importer(815301076,1909f56bfc062723c751e8b465ee728b)
Start importing Assets/Prefabs/Combat/Player.prefab using Guid(ebf724ae6f0f2e445b480c67bd04af20) Importer(815301076,1909f56bfc062723c751e8b465ee728b)  -> (artifact id: '06a05990932f7892fb1b6752a66176f3') in 0.083573 seconds
  Import took 0.088509 seconds .

========================================================================
Received Import Request.
  Time since last request: 2.163074 seconds.
  path: Assets/Prefabs/Combat/Player.prefab
  artifactKey: Guid(ebf724ae6f0f2e445b480c67bd04af20) Importer(815301076,1909f56bfc062723c751e8b465ee728b)
Start importing Assets/Prefabs/Combat/Player.prefab using Guid(ebf724ae6f0f2e445b480c67bd04af20) Importer(815301076,1909f56bfc062723c751e8b465ee728b)  -> (artifact id: '9306ae768d8a5696039ba44ff0d6999a') in 0.080987 seconds
  Import took 0.084264 seconds .

========================================================================
Received Import Request.
  Time since last request: 154.172443 seconds.
  path: Assets/Scenes/CombatTest.unity
  artifactKey: Guid(d9c48de2ec93c704fbb3997f3a54c903) Importer(815301076,1909f56bfc062723c751e8b465ee728b)
Start importing Assets/Scenes/CombatTest.unity using Guid(d9c48de2ec93c704fbb3997f3a54c903) Importer(815301076,1909f56bfc062723c751e8b465ee728b)  -> (artifact id: '25e1eb2ec8cbe2fdc590f219eb9ebf5c') in 0.004844 seconds
  Import took 0.007313 seconds .

========================================================================
Received Prepare
Registering precompiled user dll's ...
Registered in 0.021783 seconds.
Begin MonoManager ReloadAssembly
Native extension for WindowsStandalone target not found
Native extension for WebGL target not found
Refreshing native plugins compatible for Editor in 0.31 ms, found 0 plugins.
Preloading 0 native plugins for Editor in 0.00 ms.
Invoked RoslynAnalysisRunner static constructor.
RoslynAnalysisRunner will not be running.
RoslynAnalysisRunner has terminated.
Mono: successfully reloaded assembly
- Completed reload, in  0.911 seconds
Platform modules already initialized, skipping
Refreshing native plugins compatible for Editor in 0.32 ms, found 0 plugins.
Preloading 0 native plugins for Editor in 0.00 ms.
Unloading 1266 Unused Serialized files (Serialized files now loaded: 0)
System memory in use before: 68.6 MB.
System memory in use after: 68.7 MB.

Unloading 10 unused Assets to reduce memory usage. Loaded Objects now: 1768.
Total: 1.999900 ms (FindLiveObjects: 0.253100 ms CreateObjectMapping: 0.075500 ms MarkObjects: 1.609600 ms  DeleteObjects: 0.047900 ms)

========================================================================
Received Prepare
Registering precompiled user dll's ...
Registered in 0.003672 seconds.
Begin MonoManager ReloadAssembly
Native extension for WindowsStandalone target not found
Native extension for WebGL target not found
Refreshing native plugins compatible for Editor in 0.30 ms, found 0 plugins.
Preloading 0 native plugins for Editor in 0.00 ms.
Invoked RoslynAnalysisRunner static constructor.
RoslynAnalysisRunner will not be running.
RoslynAnalysisRunner has terminated.
Mono: successfully reloaded assembly
- Completed reload, in  0.896 seconds
Platform modules already initialized, skipping
Refreshing native plugins compatible for Editor in 0.36 ms, found 0 plugins.
Preloading 0 native plugins for Editor in 0.00 ms.
Unloading 1266 Unused Serialized files (Serialized files now loaded: 0)
System memory in use before: 68.5 MB.
System memory in use after: 68.6 MB.

Unloading 10 unused Assets to reduce memory usage. Loaded Objects now: 1770.
Total: 1.669800 ms (FindLiveObjects: 0.152000 ms CreateObjectMapping: 0.044100 ms MarkObjects: 1.442000 ms  DeleteObjects: 0.030200 ms)

========================================================================
Received Prepare
Registering precompiled user dll's ...
Registered in 0.004242 seconds.
Begin MonoManager ReloadAssembly
Native extension for WindowsStandalone target not found
Native extension for WebGL target not found
Refreshing native plugins compatible for Editor in 0.35 ms, found 0 plugins.
Preloading 0 native plugins for Editor in 0.00 ms.
Invoked RoslynAnalysisRunner static constructor.
RoslynAnalysisRunner will not be running.
RoslynAnalysisRunner has terminated.
Mono: successfully reloaded assembly
- Completed reload, in  1.226 seconds
Platform modules already initialized, skipping
Refreshing native plugins compatible for Editor in 0.34 ms, found 0 plugins.
Preloading 0 native plugins for Editor in 0.00 ms.
Unloading 1266 Unused Serialized files (Serialized files now loaded: 0)
System memory in use before: 68.6 MB.
System memory in use after: 68.7 MB.

Unloading 10 unused Assets to reduce memory usage. Loaded Objects now: 1772.
Total: 2.468800 ms (FindLiveObjects: 0.200100 ms CreateObjectMapping: 0.047100 ms MarkObjects: 2.203000 ms  DeleteObjects: 0.017200 ms)

========================================================================
Received Prepare
Registering precompiled user dll's ...
Registered in 0.005224 seconds.
Begin MonoManager ReloadAssembly
Native extension for WindowsStandalone target not found
Native extension for WebGL target not found
Refreshing native plugins compatible for Editor in 0.41 ms, found 0 plugins.
Preloading 0 native plugins for Editor in 0.00 ms.
Invoked RoslynAnalysisRunner static constructor.
RoslynAnalysisRunner will not be running.
RoslynAnalysisRunner has terminated.
Mono: successfully reloaded assembly
- Completed reload, in  1.318 seconds
Platform modules already initialized, skipping
Refreshing native plugins compatible for Editor in 0.52 ms, found 0 plugins.
Preloading 0 native plugins for Editor in 0.00 ms.
Unloading 1266 Unused Serialized files (Serialized files now loaded: 0)
System memory in use before: 68.6 MB.
System memory in use after: 68.7 MB.

Unloading 10 unused Assets to reduce memory usage. Loaded Objects now: 1774.
Total: 3.130700 ms (FindLiveObjects: 0.179400 ms CreateObjectMapping: 0.071900 ms MarkObjects: 2.859800 ms  DeleteObjects: 0.017900 ms)

========================================================================
Received Prepare
Registering precompiled user dll's ...
Registered in 0.013030 seconds.
Begin MonoManager ReloadAssembly
Native extension for WindowsStandalone target not found
Native extension for WebGL target not found
Refreshing native plugins compatible for Editor in 0.31 ms, found 0 plugins.
Preloading 0 native plugins for Editor in 0.00 ms.
Invoked RoslynAnalysisRunner static constructor.
RoslynAnalysisRunner will not be running.
RoslynAnalysisRunner has terminated.
Mono: successfully reloaded assembly
- Completed reload, in  1.057 seconds
Platform modules already initialized, skipping
Refreshing native plugins compatible for Editor in 0.40 ms, found 0 plugins.
Preloading 0 native plugins for Editor in 0.00 ms.
Unloading 1266 Unused Serialized files (Serialized files now loaded: 0)
System memory in use before: 68.5 MB.
System memory in use after: 68.6 MB.

Unloading 10 unused Assets to reduce memory usage. Loaded Objects now: 1776.
Total: 1.590200 ms (FindLiveObjects: 0.156000 ms CreateObjectMapping: 0.043700 ms MarkObjects: 1.374600 ms  DeleteObjects: 0.014800 ms)

========================================================================
Received Prepare
Registering precompiled user dll's ...
Registered in 0.005592 seconds.
Begin MonoManager ReloadAssembly
Native extension for WindowsStandalone target not found
Native extension for WebGL target not found
Refreshing native plugins compatible for Editor in 0.29 ms, found 0 plugins.
Preloading 0 native plugins for Editor in 0.00 ms.
Invoked RoslynAnalysisRunner static constructor.
RoslynAnalysisRunner will not be running.
RoslynAnalysisRunner has terminated.
Mono: successfully reloaded assembly
- Completed reload, in  0.920 seconds
Platform modules already initialized, skipping
Refreshing native plugins compatible for Editor in 0.34 ms, found 0 plugins.
Preloading 0 native plugins for Editor in 0.00 ms.
Unloading 1266 Unused Serialized files (Serialized files now loaded: 0)
System memory in use before: 68.5 MB.
System memory in use after: 68.6 MB.

Unloading 10 unused Assets to reduce memory usage. Loaded Objects now: 1778.
Total: 1.844400 ms (FindLiveObjects: 0.189900 ms CreateObjectMapping: 0.050600 ms MarkObjects: 1.569900 ms  DeleteObjects: 0.032700 ms)

========================================================================
Received Prepare
Registering precompiled user dll's ...
Registered in 0.003988 seconds.
Begin MonoManager ReloadAssembly
Native extension for WindowsStandalone target not found
Native extension for WebGL target not found
Refreshing native plugins compatible for Editor in 0.41 ms, found 0 plugins.
Preloading 0 native plugins for Editor in 0.00 ms.
Invoked RoslynAnalysisRunner static constructor.
RoslynAnalysisRunner will not be running.
RoslynAnalysisRunner has terminated.
Mono: successfully reloaded assembly
- Completed reload, in  0.943 seconds
Platform modules already initialized, skipping
Refreshing native plugins compatible for Editor in 0.39 ms, found 0 plugins.
Preloading 0 native plugins for Editor in 0.00 ms.
Unloading 1266 Unused Serialized files (Serialized files now loaded: 0)
System memory in use before: 68.5 MB.
System memory in use after: 68.6 MB.

Unloading 10 unused Assets to reduce memory usage. Loaded Objects now: 1780.
Total: 2.165400 ms (FindLiveObjects: 0.305400 ms CreateObjectMapping: 0.064500 ms MarkObjects: 1.772200 ms  DeleteObjects: 0.021900 ms)

========================================================================
Received Prepare
Registering precompiled user dll's ...
Registered in 0.006899 seconds.
Begin MonoManager ReloadAssembly
Native extension for WindowsStandalone target not found
Native extension for WebGL target not found
Refreshing native plugins compatible for Editor in 0.33 ms, found 0 plugins.
Preloading 0 native plugins for Editor in 0.00 ms.
Invoked RoslynAnalysisRunner static constructor.
RoslynAnalysisRunner will not be running.
RoslynAnalysisRunner has terminated.
Mono: successfully reloaded assembly
- Completed reload, in  1.539 seconds
Platform modules already initialized, skipping
Refreshing native plugins compatible for Editor in 0.36 ms, found 0 plugins.
Preloading 0 native plugins for Editor in 0.00 ms.
Unloading 1266 Unused Serialized files (Serialized files now loaded: 0)
System memory in use before: 68.6 MB.
System memory in use after: 68.7 MB.

Unloading 10 unused Assets to reduce memory usage. Loaded Objects now: 1782.
Total: 3.566100 ms (FindLiveObjects: 0.194400 ms CreateObjectMapping: 0.970300 ms MarkObjects: 2.365300 ms  DeleteObjects: 0.029800 ms)

========================================================================
Received Prepare
Registering precompiled user dll's ...
Registered in 0.003489 seconds.
Begin MonoManager ReloadAssembly
Native extension for WindowsStandalone target not found
Native extension for WebGL target not found
Refreshing native plugins compatible for Editor in 0.34 ms, found 0 plugins.
Preloading 0 native plugins for Editor in 0.00 ms.
Invoked RoslynAnalysisRunner static constructor.
RoslynAnalysisRunner will not be running.
RoslynAnalysisRunner has terminated.
Mono: successfully reloaded assembly
- Completed reload, in  1.607 seconds
Platform modules already initialized, skipping
Refreshing native plugins compatible for Editor in 0.57 ms, found 0 plugins.
Preloading 0 native plugins for Editor in 0.00 ms.
Unloading 1266 Unused Serialized files (Serialized files now loaded: 0)
System memory in use before: 68.5 MB.
System memory in use after: 68.6 MB.

Unloading 10 unused Assets to reduce memory usage. Loaded Objects now: 1784.
Total: 2.565700 ms (FindLiveObjects: 0.155600 ms CreateObjectMapping: 0.052200 ms MarkObjects: 2.336700 ms  DeleteObjects: 0.019800 ms)

========================================================================
Received Prepare
Registering precompiled user dll's ...
Registered in 0.004292 seconds.
Begin MonoManager ReloadAssembly
Native extension for WindowsStandalone target not found
Native extension for WebGL target not found
Refreshing native plugins compatible for Editor in 0.30 ms, found 0 plugins.
Preloading 0 native plugins for Editor in 0.00 ms.
Invoked RoslynAnalysisRunner static constructor.
RoslynAnalysisRunner will not be running.
RoslynAnalysisRunner has terminated.
Mono: successfully reloaded assembly
- Completed reload, in  0.889 seconds
Platform modules already initialized, skipping
Refreshing native plugins compatible for Editor in 0.36 ms, found 0 plugins.
Preloading 0 native plugins for Editor in 0.00 ms.
Unloading 1266 Unused Serialized files (Serialized files now loaded: 0)
System memory in use before: 68.6 MB.
System memory in use after: 68.7 MB.

Unloading 10 unused Assets to reduce memory usage. Loaded Objects now: 1786.
Total: 2.523000 ms (FindLiveObjects: 0.194000 ms CreateObjectMapping: 0.059700 ms MarkObjects: 2.246200 ms  DeleteObjects: 0.021800 ms)

========================================================================
Received Prepare
Registering precompiled user dll's ...
Registered in 0.003564 seconds.
Begin MonoManager ReloadAssembly
Native extension for WindowsStandalone target not found
Native extension for WebGL target not found
Refreshing native plugins compatible for Editor in 0.53 ms, found 0 plugins.
Preloading 0 native plugins for Editor in 0.00 ms.
Invoked RoslynAnalysisRunner static constructor.
RoslynAnalysisRunner will not be running.
RoslynAnalysisRunner has terminated.
Mono: successfully reloaded assembly
- Completed reload, in  0.918 seconds
Platform modules already initialized, skipping
Refreshing native plugins compatible for Editor in 0.35 ms, found 0 plugins.
Preloading 0 native plugins for Editor in 0.00 ms.
Unloading 1266 Unused Serialized files (Serialized files now loaded: 0)
System memory in use before: 68.6 MB.
System memory in use after: 68.7 MB.

Unloading 10 unused Assets to reduce memory usage. Loaded Objects now: 1788.
Total: 2.148100 ms (FindLiveObjects: 0.268000 ms CreateObjectMapping: 0.139600 ms MarkObjects: 1.703800 ms  DeleteObjects: 0.035700 ms)

========================================================================
Received Prepare
Registering precompiled user dll's ...
Registered in 0.007376 seconds.
Begin MonoManager ReloadAssembly
Native extension for WindowsStandalone target not found
Native extension for WebGL target not found
Refreshing native plugins compatible for Editor in 0.50 ms, found 0 plugins.
Preloading 0 native plugins for Editor in 0.00 ms.
Invoked RoslynAnalysisRunner static constructor.
RoslynAnalysisRunner will not be running.
RoslynAnalysisRunner has terminated.
Mono: successfully reloaded assembly
- Completed reload, in  1.486 seconds
Platform modules already initialized, skipping
Refreshing native plugins compatible for Editor in 0.34 ms, found 0 plugins.
Preloading 0 native plugins for Editor in 0.00 ms.
Unloading 1266 Unused Serialized files (Serialized files now loaded: 0)
System memory in use before: 68.6 MB.
System memory in use after: 68.7 MB.

Unloading 10 unused Assets to reduce memory usage. Loaded Objects now: 1790.
Total: 6.283100 ms (FindLiveObjects: 3.089800 ms CreateObjectMapping: 0.126300 ms MarkObjects: 2.957400 ms  DeleteObjects: 0.017900 ms)

========================================================================
Received Prepare
Registering precompiled user dll's ...
Registered in 0.004178 seconds.
Begin MonoManager ReloadAssembly
Native extension for WindowsStandalone target not found
Native extension for WebGL target not found
Refreshing native plugins compatible for Editor in 0.29 ms, found 0 plugins.
Preloading 0 native plugins for Editor in 0.00 ms.
Invoked RoslynAnalysisRunner static constructor.
RoslynAnalysisRunner will not be running.
RoslynAnalysisRunner has terminated.
Mono: successfully reloaded assembly
- Completed reload, in  0.905 seconds
Platform modules already initialized, skipping
Refreshing native plugins compatible for Editor in 0.31 ms, found 0 plugins.
Preloading 0 native plugins for Editor in 0.00 ms.
Unloading 1266 Unused Serialized files (Serialized files now loaded: 0)
System memory in use before: 68.5 MB.
System memory in use after: 68.6 MB.

Unloading 10 unused Assets to reduce memory usage. Loaded Objects now: 1792.
Total: 1.819700 ms (FindLiveObjects: 0.168700 ms CreateObjectMapping: 0.039200 ms MarkObjects: 1.566100 ms  DeleteObjects: 0.044400 ms)

========================================================================
Received Prepare
Registering precompiled user dll's ...
Registered in 0.004245 seconds.
Begin MonoManager ReloadAssembly
Native extension for WindowsStandalone target not found
Native extension for WebGL target not found
Refreshing native plugins compatible for Editor in 0.31 ms, found 0 plugins.
Preloading 0 native plugins for Editor in 0.00 ms.
Invoked RoslynAnalysisRunner static constructor.
RoslynAnalysisRunner will not be running.
RoslynAnalysisRunner has terminated.
Mono: successfully reloaded assembly
- Completed reload, in  0.879 seconds
Platform modules already initialized, skipping
Refreshing native plugins compatible for Editor in 0.35 ms, found 0 plugins.
Preloading 0 native plugins for Editor in 0.00 ms.
Unloading 1266 Unused Serialized files (Serialized files now loaded: 0)
System memory in use before: 68.5 MB.
System memory in use after: 68.6 MB.

Unloading 10 unused Assets to reduce memory usage. Loaded Objects now: 1794.
Total: 11.872100 ms (FindLiveObjects: 5.558100 ms CreateObjectMapping: 0.574400 ms MarkObjects: 5.671800 ms  DeleteObjects: 0.065100 ms)

========================================================================
Received Prepare
Registering precompiled user dll's ...
Registered in 0.004537 seconds.
Begin MonoManager ReloadAssembly
Native extension for WindowsStandalone target not found
Native extension for WebGL target not found
Refreshing native plugins compatible for Editor in 0.42 ms, found 0 plugins.
Preloading 0 native plugins for Editor in 0.00 ms.
Invoked RoslynAnalysisRunner static constructor.
RoslynAnalysisRunner will not be running.
RoslynAnalysisRunner has terminated.
Mono: successfully reloaded assembly
- Completed reload, in  0.846 seconds
Platform modules already initialized, skipping
Refreshing native plugins compatible for Editor in 0.45 ms, found 0 plugins.
Preloading 0 native plugins for Editor in 0.00 ms.
Unloading 1266 Unused Serialized files (Serialized files now loaded: 0)
System memory in use before: 68.6 MB.
System memory in use after: 68.7 MB.

Unloading 10 unused Assets to reduce memory usage. Loaded Objects now: 1796.
Total: 1.904800 ms (FindLiveObjects: 0.186700 ms CreateObjectMapping: 0.044400 ms MarkObjects: 1.656900 ms  DeleteObjects: 0.015800 ms)

========================================================================
Received Prepare
Registering precompiled user dll's ...
Registered in 0.003893 seconds.
Begin MonoManager ReloadAssembly
Native extension for WindowsStandalone target not found
Native extension for WebGL target not found
Refreshing native plugins compatible for Editor in 0.30 ms, found 0 plugins.
Preloading 0 native plugins for Editor in 0.00 ms.
Invoked RoslynAnalysisRunner static constructor.
RoslynAnalysisRunner will not be running.
RoslynAnalysisRunner has terminated.
Mono: successfully reloaded assembly
- Completed reload, in  0.872 seconds
Platform modules already initialized, skipping
Refreshing native plugins compatible for Editor in 0.33 ms, found 0 plugins.
Preloading 0 native plugins for Editor in 0.00 ms.
Unloading 1266 Unused Serialized files (Serialized files now loaded: 0)
System memory in use before: 68.5 MB.
System memory in use after: 68.6 MB.

Unloading 10 unused Assets to reduce memory usage. Loaded Objects now: 1798.
Total: 2.115200 ms (FindLiveObjects: 0.171200 ms CreateObjectMapping: 0.048900 ms MarkObjects: 1.856600 ms  DeleteObjects: 0.037500 ms)

========================================================================
Received Prepare
Registering precompiled user dll's ...
Registered in 0.020136 seconds.
Begin MonoManager ReloadAssembly
Native extension for WindowsStandalone target not found
Native extension for WebGL target not found
Refreshing native plugins compatible for Editor in 0.51 ms, found 0 plugins.
Preloading 0 native plugins for Editor in 0.00 ms.
Invoked RoslynAnalysisRunner static constructor.
RoslynAnalysisRunner will not be running.
RoslynAnalysisRunner has terminated.
Mono: successfully reloaded assembly
- Completed reload, in  1.358 seconds
Platform modules already initialized, skipping
Refreshing native plugins compatible for Editor in 0.32 ms, found 0 plugins.
Preloading 0 native plugins for Editor in 0.00 ms.
Unloading 1266 Unused Serialized files (Serialized files now loaded: 0)
System memory in use before: 68.6 MB.
System memory in use after: 68.7 MB.

Unloading 10 unused Assets to reduce memory usage. Loaded Objects now: 1800.
Total: 2.444900 ms (FindLiveObjects: 0.167000 ms CreateObjectMapping: 0.045800 ms MarkObjects: 2.211100 ms  DeleteObjects: 0.019300 ms)

========================================================================
Received Prepare
Registering precompiled user dll's ...
Registered in 0.005556 seconds.
Begin MonoManager ReloadAssembly
Native extension for WindowsStandalone target not found
Native extension for WebGL target not found
Refreshing native plugins compatible for Editor in 0.30 ms, found 0 plugins.
Preloading 0 native plugins for Editor in 0.00 ms.
Invoked RoslynAnalysisRunner static constructor.
RoslynAnalysisRunner will not be running.
RoslynAnalysisRunner has terminated.
Mono: successfully reloaded assembly
- Completed reload, in  1.052 seconds
Platform modules already initialized, skipping
Refreshing native plugins compatible for Editor in 0.44 ms, found 0 plugins.
Preloading 0 native plugins for Editor in 0.00 ms.
Unloading 1266 Unused Serialized files (Serialized files now loaded: 0)
System memory in use before: 68.6 MB.
System memory in use after: 68.7 MB.

Unloading 10 unused Assets to reduce memory usage. Loaded Objects now: 1802.
Total: 1.752900 ms (FindLiveObjects: 0.180600 ms CreateObjectMapping: 0.063300 ms MarkObjects: 1.483900 ms  DeleteObjects: 0.023900 ms)

========================================================================
Received Prepare
Registering precompiled user dll's ...
Registered in 0.003327 seconds.
Begin MonoManager ReloadAssembly
Native extension for WindowsStandalone target not found
Native extension for WebGL target not found
Refreshing native plugins compatible for Editor in 0.36 ms, found 0 plugins.
Preloading 0 native plugins for Editor in 0.00 ms.
Invoked RoslynAnalysisRunner static constructor.
RoslynAnalysisRunner will not be running.
RoslynAnalysisRunner has terminated.
Mono: successfully reloaded assembly
- Completed reload, in  0.939 seconds
Platform modules already initialized, skipping
Refreshing native plugins compatible for Editor in 0.34 ms, found 0 plugins.
Preloading 0 native plugins for Editor in 0.00 ms.
Unloading 1266 Unused Serialized files (Serialized files now loaded: 0)
System memory in use before: 68.6 MB.
System memory in use after: 68.7 MB.

Unloading 10 unused Assets to reduce memory usage. Loaded Objects now: 1804.
Total: 1.939900 ms (FindLiveObjects: 0.188800 ms CreateObjectMapping: 0.043600 ms MarkObjects: 1.663500 ms  DeleteObjects: 0.028900 ms)

========================================================================
Received Prepare
Registering precompiled user dll's ...
Registered in 0.003787 seconds.
Begin MonoManager ReloadAssembly
Native extension for WindowsStandalone target not found
Native extension for WebGL target not found
Refreshing native plugins compatible for Editor in 0.31 ms, found 0 plugins.
Preloading 0 native plugins for Editor in 0.00 ms.
Invoked RoslynAnalysisRunner static constructor.
RoslynAnalysisRunner will not be running.
RoslynAnalysisRunner has terminated.
Mono: successfully reloaded assembly
- Completed reload, in  0.919 seconds
Platform modules already initialized, skipping
Refreshing native plugins compatible for Editor in 0.34 ms, found 0 plugins.
Preloading 0 native plugins for Editor in 0.00 ms.
Unloading 1266 Unused Serialized files (Serialized files now loaded: 0)
System memory in use before: 68.6 MB.
System memory in use after: 68.7 MB.

Unloading 10 unused Assets to reduce memory usage. Loaded Objects now: 1806.
Total: 1.932100 ms (FindLiveObjects: 0.173600 ms CreateObjectMapping: 0.060800 ms MarkObjects: 1.636600 ms  DeleteObjects: 0.060200 ms)

========================================================================
Received Prepare
Registering precompiled user dll's ...
Registered in 0.006591 seconds.
Begin MonoManager ReloadAssembly
Native extension for WindowsStandalone target not found
Native extension for WebGL target not found
Refreshing native plugins compatible for Editor in 0.36 ms, found 0 plugins.
Preloading 0 native plugins for Editor in 0.00 ms.
Invoked RoslynAnalysisRunner static constructor.
RoslynAnalysisRunner will not be running.
RoslynAnalysisRunner has terminated.
Mono: successfully reloaded assembly
- Completed reload, in  1.287 seconds
Platform modules already initialized, skipping
Refreshing native plugins compatible for Editor in 0.41 ms, found 0 plugins.
Preloading 0 native plugins for Editor in 0.00 ms.
Unloading 1266 Unused Serialized files (Serialized files now loaded: 0)
System memory in use before: 68.6 MB.
System memory in use after: 68.7 MB.

Unloading 10 unused Assets to reduce memory usage. Loaded Objects now: 1808.
Total: 3.292800 ms (FindLiveObjects: 0.646400 ms CreateObjectMapping: 0.110100 ms MarkObjects: 2.516700 ms  DeleteObjects: 0.017900 ms)

========================================================================
Received Prepare
Registering precompiled user dll's ...
Registered in 0.003540 seconds.
Begin MonoManager ReloadAssembly
Native extension for WindowsStandalone target not found
Native extension for WebGL target not found
Refreshing native plugins compatible for Editor in 0.42 ms, found 0 plugins.
Preloading 0 native plugins for Editor in 0.00 ms.
Invoked RoslynAnalysisRunner static constructor.
RoslynAnalysisRunner will not be running.
RoslynAnalysisRunner has terminated.
Mono: successfully reloaded assembly
- Completed reload, in  0.957 seconds
Platform modules already initialized, skipping
Refreshing native plugins compatible for Editor in 0.33 ms, found 0 plugins.
Preloading 0 native plugins for Editor in 0.00 ms.
Unloading 1266 Unused Serialized files (Serialized files now loaded: 0)
System memory in use before: 68.6 MB.
System memory in use after: 68.7 MB.

Unloading 10 unused Assets to reduce memory usage. Loaded Objects now: 1810.
Total: 1.942900 ms (FindLiveObjects: 0.190700 ms CreateObjectMapping: 0.088900 ms MarkObjects: 1.642900 ms  DeleteObjects: 0.018200 ms)

========================================================================
Received Prepare
Registering precompiled user dll's ...
Registered in 0.003663 seconds.
Begin MonoManager ReloadAssembly
Native extension for WindowsStandalone target not found
Native extension for WebGL target not found
Refreshing native plugins compatible for Editor in 0.58 ms, found 0 plugins.
Preloading 0 native plugins for Editor in 0.00 ms.
Invoked RoslynAnalysisRunner static constructor.
RoslynAnalysisRunner will not be running.
RoslynAnalysisRunner has terminated.
Mono: successfully reloaded assembly
- Completed reload, in  1.053 seconds
Platform modules already initialized, skipping
Refreshing native plugins compatible for Editor in 0.35 ms, found 0 plugins.
Preloading 0 native plugins for Editor in 0.00 ms.
Unloading 1266 Unused Serialized files (Serialized files now loaded: 0)
System memory in use before: 68.5 MB.
System memory in use after: 68.6 MB.

Unloading 10 unused Assets to reduce memory usage. Loaded Objects now: 1812.
Total: 1.837200 ms (FindLiveObjects: 0.165600 ms CreateObjectMapping: 0.051400 ms MarkObjects: 1.571900 ms  DeleteObjects: 0.047000 ms)

========================================================================
Received Prepare
Registering precompiled user dll's ...
Registered in 0.003558 seconds.
Begin MonoManager ReloadAssembly
Native extension for WindowsStandalone target not found
Native extension for WebGL target not found
Refreshing native plugins compatible for Editor in 0.33 ms, found 0 plugins.
Preloading 0 native plugins for Editor in 0.00 ms.
Invoked RoslynAnalysisRunner static constructor.
RoslynAnalysisRunner will not be running.
RoslynAnalysisRunner has terminated.
Mono: successfully reloaded assembly
- Completed reload, in  0.945 seconds
Platform modules already initialized, skipping
Refreshing native plugins compatible for Editor in 0.31 ms, found 0 plugins.
Preloading 0 native plugins for Editor in 0.00 ms.
Unloading 1266 Unused Serialized files (Serialized files now loaded: 0)
System memory in use before: 68.6 MB.
System memory in use after: 68.7 MB.

Unloading 10 unused Assets to reduce memory usage. Loaded Objects now: 1814.
Total: 1.843800 ms (FindLiveObjects: 0.155300 ms CreateObjectMapping: 0.039700 ms MarkObjects: 1.608400 ms  DeleteObjects: 0.039500 ms)

========================================================================
Received Prepare
Registering precompiled user dll's ...
Registered in 0.009734 seconds.
Begin MonoManager ReloadAssembly
Native extension for WindowsStandalone target not found
Native extension for WebGL target not found
Refreshing native plugins compatible for Editor in 0.46 ms, found 0 plugins.
Preloading 0 native plugins for Editor in 0.00 ms.
Invoked RoslynAnalysisRunner static constructor.
RoslynAnalysisRunner will not be running.
RoslynAnalysisRunner has terminated.
Mono: successfully reloaded assembly
- Completed reload, in  1.753 seconds
Platform modules already initialized, skipping
Refreshing native plugins compatible for Editor in 1.24 ms, found 0 plugins.
Preloading 0 native plugins for Editor in 0.00 ms.
Unloading 1266 Unused Serialized files (Serialized files now loaded: 0)
System memory in use before: 68.6 MB.
System memory in use after: 68.7 MB.

Unloading 10 unused Assets to reduce memory usage. Loaded Objects now: 1816.
Total: 3.055700 ms (FindLiveObjects: 0.191300 ms CreateObjectMapping: 0.053500 ms MarkObjects: 2.789500 ms  DeleteObjects: 0.019800 ms)

========================================================================
Received Import Request.
  Time since last request: 3031.535381 seconds.
  path: Assets/Scriptable Objects/Abilities/All Real Numbers
  artifactKey: Guid(fb9170d605c0a454781738c0232c3055) Importer(815301076,1909f56bfc062723c751e8b465ee728b)
Start importing Assets/Scriptable Objects/Abilities/All Real Numbers using Guid(fb9170d605c0a454781738c0232c3055) Importer(815301076,1909f56bfc062723c751e8b465ee728b)  -> (artifact id: 'fdd93291d78c5b431d5db1df9ec8274f') in 0.012397 seconds
  Import took 0.014860 seconds .

========================================================================
Received Import Request.
  Time since last request: 31.004343 seconds.
  path: Assets/Scriptable Objects/Abilities/All Real Numbers/Number Toss.asset
  artifactKey: Guid(532efbd3c383caf4594bd858ee20ce39) Importer(815301076,1909f56bfc062723c751e8b465ee728b)
Start importing Assets/Scriptable Objects/Abilities/All Real Numbers/Number Toss.asset using Guid(532efbd3c383caf4594bd858ee20ce39) Importer(815301076,1909f56bfc062723c751e8b465ee728b)  -> (artifact id: '160134bb91d770880bfce93b6a31eb8f') in 0.018431 seconds
  Import took 0.023059 seconds .

========================================================================
Received Import Request.
  Time since last request: 34.515320 seconds.
  path: Assets/Scriptable Objects/Abilities/All Real Numbers/Repeating Decimal.asset
  artifactKey: Guid(3d4c853f132aeac43a945414a485166d) Importer(815301076,1909f56bfc062723c751e8b465ee728b)
Start importing Assets/Scriptable Objects/Abilities/All Real Numbers/Repeating Decimal.asset using Guid(3d4c853f132aeac43a945414a485166d) Importer(815301076,1909f56bfc062723c751e8b465ee728b)  -> (artifact id: '5226af3ca379cf6d10855d6a301b3823') in 0.011601 seconds
  Import took 0.014242 seconds .

========================================================================
Received Import Request.
  Time since last request: 1.124273 seconds.
  path: Assets/Scriptable Objects/Abilities/Ava/Triple Roundhouse.asset
  artifactKey: Guid(df5a06b347980ea47acd94a3ef3c119a) Importer(815301076,1909f56bfc062723c751e8b465ee728b)
Start importing Assets/Scriptable Objects/Abilities/Ava/Triple Roundhouse.asset using Guid(df5a06b347980ea47acd94a3ef3c119a) Importer(815301076,1909f56bfc062723c751e8b465ee728b)  -> (artifact id: '9969055984302812250ec23ab0dd2933') in 0.016533 seconds
  Import took 0.020141 seconds .

========================================================================
Received Import Request.
  Time since last request: 17.045773 seconds.
  path: Assets/Scriptable Objects/Abilities/Ava/Shadow Snare.asset
  artifactKey: Guid(69562903edaad4d44975ea78fe8b9027) Importer(815301076,1909f56bfc062723c751e8b465ee728b)
Start importing Assets/Scriptable Objects/Abilities/Ava/Shadow Snare.asset using Guid(69562903edaad4d44975ea78fe8b9027) Importer(815301076,1909f56bfc062723c751e8b465ee728b)  -> (artifact id: '54586d78f63d27c213e151abeea65d8e') in 0.011251 seconds
  Import took 0.014200 seconds .

========================================================================
Received Import Request.
  Time since last request: 29.500208 seconds.
  path: Assets/Scriptable Objects/Abilities/Ava/Shadow Snare.asset
  artifactKey: Guid(69562903edaad4d44975ea78fe8b9027) Importer(815301076,1909f56bfc062723c751e8b465ee728b)
Start importing Assets/Scriptable Objects/Abilities/Ava/Shadow Snare.asset using Guid(69562903edaad4d44975ea78fe8b9027) Importer(815301076,1909f56bfc062723c751e8b465ee728b)  -> (artifact id: 'fa5662a6fa4bc65f39a6606e6f158c7c') in 0.005555 seconds
  Import took 0.009304 seconds .

========================================================================
Received Import Request.
  Time since last request: 0.000361 seconds.
  path: Assets/Scriptable Objects/Abilities/Ava/Shadow Wall.asset
  artifactKey: Guid(bbe65e6e9e4402748ae8d0304067b9b2) Importer(815301076,1909f56bfc062723c751e8b465ee728b)
Start importing Assets/Scriptable Objects/Abilities/Ava/Shadow Wall.asset using Guid(bbe65e6e9e4402748ae8d0304067b9b2) Importer(815301076,1909f56bfc062723c751e8b465ee728b)  -> (artifact id: '671689e68cf38a2c56d86eab11f92f14') in 0.024634 seconds
  Import took 0.027906 seconds .

========================================================================
Received Import Request.
  Time since last request: 9.460646 seconds.
  path: Assets/Scriptable Objects/Abilities/Danny Doppelgnger/Doppel Scan.asset
  artifactKey: Guid(2914c92bcd58c384cbbff37cbba6299e) Importer(815301076,1909f56bfc062723c751e8b465ee728b)
Start importing Assets/Scriptable Objects/Abilities/Danny Doppelgnger/Doppel Scan.asset using Guid(2914c92bcd58c384cbbff37cbba6299e) Importer(815301076,1909f56bfc062723c751e8b465ee728b)  -> (artifact id: '59d2c5ecbc2d15aba4088b62031a996b') in 0.008354 seconds
  Import took 0.011006 seconds .

========================================================================
Received Import Request.
  Time since last request: 5.668713 seconds.
  path: Assets/Scriptable Objects/Abilities/Knight and Day/Fusion.asset
  artifactKey: Guid(619dc94512c5dbb45909c051fd9229a1) Importer(815301076,1909f56bfc062723c751e8b465ee728b)
Start importing Assets/Scriptable Objects/Abilities/Knight and Day/Fusion.asset using Guid(619dc94512c5dbb45909c051fd9229a1) Importer(815301076,1909f56bfc062723c751e8b465ee728b)  -> (artifact id: '1edcbe8f1912d5e724c647ebd8ac075a') in 0.009156 seconds
  Import took 0.011517 seconds .

========================================================================
Received Import Request.
  Time since last request: 0.000290 seconds.
  path: Assets/Scriptable Objects/Abilities/Knight and Day/Solar Flare.asset
  artifactKey: Guid(9794ad9a96409944993ac6056a93dae3) Importer(815301076,1909f56bfc062723c751e8b465ee728b)
Start importing Assets/Scriptable Objects/Abilities/Knight and Day/Solar Flare.asset using Guid(9794ad9a96409944993ac6056a93dae3) Importer(815301076,1909f56bfc062723c751e8b465ee728b)  -> (artifact id: 'e0e349ec42ecf19271dab9c66e87d331') in 0.010270 seconds
  Import took 0.012814 seconds .

========================================================================
Received Import Request.
  Time since last request: 9.583229 seconds.
  path: Assets/Scriptable Objects/Abilities/Melon Man/Melon Charge.asset
  artifactKey: Guid(9107939e54451f341acab64ff2767107) Importer(815301076,1909f56bfc062723c751e8b465ee728b)
Start importing Assets/Scriptable Objects/Abilities/Melon Man/Melon Charge.asset using Guid(9107939e54451f341acab64ff2767107) Importer(815301076,1909f56bfc062723c751e8b465ee728b)  -> (artifact id: '4ee9060e865232860007771e3615827e') in 0.008646 seconds
  Import took 0.011045 seconds .

========================================================================
Received Import Request.
  Time since last request: 0.000247 seconds.
  path: Assets/Scriptable Objects/Abilities/Melon Man/Melon Slam.asset
  artifactKey: Guid(b1c6aae3f0bf4f843b148d4636f02eb4) Importer(815301076,1909f56bfc062723c751e8b465ee728b)
Start importing Assets/Scriptable Objects/Abilities/Melon Man/Melon Slam.asset using Guid(b1c6aae3f0bf4f843b148d4636f02eb4) Importer(815301076,1909f56bfc062723c751e8b465ee728b)  -> (artifact id: 'aec728d598bb363679094c50312fe5c0') in 0.010136 seconds
  Import took 0.013752 seconds .

========================================================================
Received Import Request.
  Time since last request: 0.000284 seconds.
  path: Assets/Scriptable Objects/Abilities/Melon Man/Melon Taunt.asset
  artifactKey: Guid(179fb2d3363ba564991932aea66923d4) Importer(815301076,1909f56bfc062723c751e8b465ee728b)
Start importing Assets/Scriptable Objects/Abilities/Melon Man/Melon Taunt.asset using Guid(179fb2d3363ba564991932aea66923d4) Importer(815301076,1909f56bfc062723c751e8b465ee728b)  -> (artifact id: 'b39ed0cabfe033f9097418dfd079f70b') in 0.010837 seconds
  Import took 0.014263 seconds .

========================================================================
Received Import Request.
  Time since last request: 58.032767 seconds.
  path: Assets/Scriptable Objects/Abilities/Tuna Boy/Hang Ten.asset
  artifactKey: Guid(ef0c45362b581904abe693c98c5a3605) Importer(815301076,1909f56bfc062723c751e8b465ee728b)
Start importing Assets/Scriptable Objects/Abilities/Tuna Boy/Hang Ten.asset using Guid(ef0c45362b581904abe693c98c5a3605) Importer(815301076,1909f56bfc062723c751e8b465ee728b)  -> (artifact id: 'd1d93b9ade0ab6ae73c0d37b655f080d') in 0.010477 seconds
  Import took 0.012864 seconds .

========================================================================
Received Import Request.
  Time since last request: 0.000321 seconds.
  path: Assets/Scriptable Objects/Abilities/Tuna Boy/Rip Tide.asset
  artifactKey: Guid(e897bbb738846a74e9c5449b15ff0c7b) Importer(815301076,1909f56bfc062723c751e8b465ee728b)
Start importing Assets/Scriptable Objects/Abilities/Tuna Boy/Rip Tide.asset using Guid(e897bbb738846a74e9c5449b15ff0c7b) Importer(815301076,1909f56bfc062723c751e8b465ee728b)  -> (artifact id: 'a416659f1b9e1bfaa571602e77a95a55') in 0.013722 seconds
  Import took 0.017353 seconds .

========================================================================
Received Prepare
Registering precompiled user dll's ...
Registered in 0.012310 seconds.
Begin MonoManager ReloadAssembly
Native extension for WindowsStandalone target not found
Native extension for WebGL target not found
Refreshing native plugins compatible for Editor in 0.52 ms, found 0 plugins.
Preloading 0 native plugins for Editor in 0.00 ms.
Invoked RoslynAnalysisRunner static constructor.
RoslynAnalysisRunner will not be running.
RoslynAnalysisRunner has terminated.
Mono: successfully reloaded assembly
- Completed reload, in  1.470 seconds
Platform modules already initialized, skipping
Refreshing native plugins compatible for Editor in 0.33 ms, found 0 plugins.
Preloading 0 native plugins for Editor in 0.00 ms.
Unloading 1266 Unused Serialized files (Serialized files now loaded: 0)
System memory in use before: 68.6 MB.
System memory in use after: 68.7 MB.

Unloading 10 unused Assets to reduce memory usage. Loaded Objects now: 1818.
Total: 2.284500 ms (FindLiveObjects: 0.300200 ms CreateObjectMapping: 0.074400 ms MarkObjects: 1.882700 ms  DeleteObjects: 0.020700 ms)

========================================================================
Received Prepare
Registering precompiled user dll's ...
Registered in 0.004399 seconds.
Begin MonoManager ReloadAssembly
Native extension for WindowsStandalone target not found
Native extension for WebGL target not found
Refreshing native plugins compatible for Editor in 0.31 ms, found 0 plugins.
Preloading 0 native plugins for Editor in 0.00 ms.
Invoked RoslynAnalysisRunner static constructor.
RoslynAnalysisRunner will not be running.
RoslynAnalysisRunner has terminated.
Mono: successfully reloaded assembly
- Completed reload, in  1.132 seconds
Platform modules already initialized, skipping
Refreshing native plugins compatible for Editor in 0.49 ms, found 0 plugins.
Preloading 0 native plugins for Editor in 0.00 ms.
Unloading 1266 Unused Serialized files (Serialized files now loaded: 0)
System memory in use before: 68.6 MB.
System memory in use after: 68.7 MB.

Unloading 10 unused Assets to reduce memory usage. Loaded Objects now: 1820.
Total: 2.420800 ms (FindLiveObjects: 0.253800 ms CreateObjectMapping: 0.082900 ms MarkObjects: 2.063500 ms  DeleteObjects: 0.019300 ms)

========================================================================
Received Prepare
Registering precompiled user dll's ...
Registered in 0.004076 seconds.
Begin MonoManager ReloadAssembly
Native extension for WindowsStandalone target not found
Native extension for WebGL target not found
Refreshing native plugins compatible for Editor in 0.40 ms, found 0 plugins.
Preloading 0 native plugins for Editor in 0.00 ms.
Invoked RoslynAnalysisRunner static constructor.
RoslynAnalysisRunner will not be running.
RoslynAnalysisRunner has terminated.
Mono: successfully reloaded assembly
- Completed reload, in  1.048 seconds
Platform modules already initialized, skipping
Refreshing native plugins compatible for Editor in 0.33 ms, found 0 plugins.
Preloading 0 native plugins for Editor in 0.00 ms.
Unloading 1266 Unused Serialized files (Serialized files now loaded: 0)
System memory in use before: 68.6 MB.
System memory in use after: 68.7 MB.

Unloading 10 unused Assets to reduce memory usage. Loaded Objects now: 1822.
Total: 2.315900 ms (FindLiveObjects: 0.212800 ms CreateObjectMapping: 0.058100 ms MarkObjects: 1.997300 ms  DeleteObjects: 0.046100 ms)

========================================================================
Received Prepare
Registering precompiled user dll's ...
Registered in 0.003800 seconds.
Begin MonoManager ReloadAssembly
Native extension for WindowsStandalone target not found
Native extension for WebGL target not found
Refreshing native plugins compatible for Editor in 0.30 ms, found 0 plugins.
Preloading 0 native plugins for Editor in 0.00 ms.
Invoked RoslynAnalysisRunner static constructor.
RoslynAnalysisRunner will not be running.
RoslynAnalysisRunner has terminated.
Mono: successfully reloaded assembly
- Completed reload, in  0.968 seconds
Platform modules already initialized, skipping
Refreshing native plugins compatible for Editor in 0.34 ms, found 0 plugins.
Preloading 0 native plugins for Editor in 0.00 ms.
Unloading 1266 Unused Serialized files (Serialized files now loaded: 0)
System memory in use before: 68.7 MB.
System memory in use after: 68.8 MB.

Unloading 10 unused Assets to reduce memory usage. Loaded Objects now: 1824.
Total: 2.423100 ms (FindLiveObjects: 0.184800 ms CreateObjectMapping: 0.115100 ms MarkObjects: 2.087300 ms  DeleteObjects: 0.034700 ms)

========================================================================
Received Prepare
Registering precompiled user dll's ...
Registered in 0.003840 seconds.
Begin MonoManager ReloadAssembly
Native extension for WindowsStandalone target not found
Native extension for WebGL target not found
Refreshing native plugins compatible for Editor in 0.33 ms, found 0 plugins.
Preloading 0 native plugins for Editor in 0.00 ms.
Invoked RoslynAnalysisRunner static constructor.
RoslynAnalysisRunner will not be running.
RoslynAnalysisRunner has terminated.
Mono: successfully reloaded assembly
- Completed reload, in  1.024 seconds
Platform modules already initialized, skipping
Refreshing native plugins compatible for Editor in 0.34 ms, found 0 plugins.
Preloading 0 native plugins for Editor in 0.00 ms.
Unloading 1266 Unused Serialized files (Serialized files now loaded: 0)
System memory in use before: 68.6 MB.
System memory in use after: 68.7 MB.

Unloading 10 unused Assets to reduce memory usage. Loaded Objects now: 1826.
Total: 1.885200 ms (FindLiveObjects: 0.182200 ms CreateObjectMapping: 0.044100 ms MarkObjects: 1.626200 ms  DeleteObjects: 0.031500 ms)

========================================================================
Received Prepare
Registering precompiled user dll's ...
Registered in 0.003995 seconds.
Begin MonoManager ReloadAssembly
Native extension for WindowsStandalone target not found
Native extension for WebGL target not found
Refreshing native plugins compatible for Editor in 0.34 ms, found 0 plugins.
Preloading 0 native plugins for Editor in 0.00 ms.
Invoked RoslynAnalysisRunner static constructor.
RoslynAnalysisRunner will not be running.
RoslynAnalysisRunner has terminated.
Mono: successfully reloaded assembly
- Completed reload, in  1.245 seconds
Platform modules already initialized, skipping
Refreshing native plugins compatible for Editor in 0.35 ms, found 0 plugins.
Preloading 0 native plugins for Editor in 0.00 ms.
Unloading 1266 Unused Serialized files (Serialized files now loaded: 0)
System memory in use before: 68.7 MB.
System memory in use after: 68.8 MB.

Unloading 10 unused Assets to reduce memory usage. Loaded Objects now: 1828.
Total: 1.724900 ms (FindLiveObjects: 0.176900 ms CreateObjectMapping: 0.060900 ms MarkObjects: 1.467500 ms  DeleteObjects: 0.018000 ms)

========================================================================
Received Prepare
Registering precompiled user dll's ...
Registered in 0.004746 seconds.
Begin MonoManager ReloadAssembly
Native extension for WindowsStandalone target not found
Native extension for WebGL target not found
Refreshing native plugins compatible for Editor in 0.32 ms, found 0 plugins.
Preloading 0 native plugins for Editor in 0.00 ms.
Invoked RoslynAnalysisRunner static constructor.
RoslynAnalysisRunner will not be running.
RoslynAnalysisRunner has terminated.
Mono: successfully reloaded assembly
- Completed reload, in  1.185 seconds
Platform modules already initialized, skipping
Refreshing native plugins compatible for Editor in 0.36 ms, found 0 plugins.
Preloading 0 native plugins for Editor in 0.00 ms.
Unloading 1266 Unused Serialized files (Serialized files now loaded: 0)
System memory in use before: 68.7 MB.
System memory in use after: 68.8 MB.

Unloading 10 unused Assets to reduce memory usage. Loaded Objects now: 1830.
Total: 1.959600 ms (FindLiveObjects: 0.175500 ms CreateObjectMapping: 0.043800 ms MarkObjects: 1.721000 ms  DeleteObjects: 0.018200 ms)

========================================================================
Received Prepare
Registering precompiled user dll's ...
Registered in 0.005060 seconds.
Begin MonoManager ReloadAssembly
Native extension for WindowsStandalone target not found
Native extension for WebGL target not found
Refreshing native plugins compatible for Editor in 0.47 ms, found 0 plugins.
Preloading 0 native plugins for Editor in 0.00 ms.
Invoked RoslynAnalysisRunner static constructor.
RoslynAnalysisRunner will not be running.
RoslynAnalysisRunner has terminated.
Mono: successfully reloaded assembly
- Completed reload, in  1.627 seconds
Platform modules already initialized, skipping
Refreshing native plugins compatible for Editor in 0.35 ms, found 0 plugins.
Preloading 0 native plugins for Editor in 0.00 ms.
Unloading 1266 Unused Serialized files (Serialized files now loaded: 0)
System memory in use before: 68.6 MB.
System memory in use after: 68.7 MB.

Unloading 10 unused Assets to reduce memory usage. Loaded Objects now: 1832.
Total: 3.128200 ms (FindLiveObjects: 0.201600 ms CreateObjectMapping: 0.053200 ms MarkObjects: 2.839000 ms  DeleteObjects: 0.032900 ms)

========================================================================
Received Import Request.
  Time since last request: 2106.554849 seconds.
  path: Assets/Sound/Music/k_jose_-_buildup.it
  artifactKey: Guid(cd5f05beac664b64683c96252d2fa32e) Importer(815301076,1909f56bfc062723c751e8b465ee728b)
Start importing Assets/Sound/Music/k_jose_-_buildup.it using Guid(cd5f05beac664b64683c96252d2fa32e) Importer(815301076,1909f56bfc062723c751e8b465ee728b)  -> (artifact id: '6a0259f5f29040b1767fc108a3400dbc') in 0.078804 seconds
  Import took 0.082684 seconds .

========================================================================
Received Import Request.
  Time since last request: 0.000331 seconds.
  path: Assets/Sound/Music/The Legend of Zelda Spirit Tracks Soundtrack - 76. Anouki Village.mp3
  artifactKey: Guid(a3c9c70ef061ba54280bc65d6136dc6c) Importer(815301076,1909f56bfc062723c751e8b465ee728b)
Start importing Assets/Sound/Music/The Legend of Zelda Spirit Tracks Soundtrack - 76. Anouki Village.mp3 using Guid(a3c9c70ef061ba54280bc65d6136dc6c) Importer(815301076,1909f56bfc062723c751e8b465ee728b)  -> (artifact id: '2ea503c500da50ee86950d7294e7f033') in 0.092393 seconds
  Import took 0.094887 seconds .

========================================================================
Received Import Request.
  Time since last request: 0.000256 seconds.
  path: Assets/Sound/Music/k_jose_-_fight_for_it.it
  artifactKey: Guid(2121496fc8676c14ca957fda33f4b5de) Importer(815301076,1909f56bfc062723c751e8b465ee728b)
Start importing Assets/Sound/Music/k_jose_-_fight_for_it.it using Guid(2121496fc8676c14ca957fda33f4b5de) Importer(815301076,1909f56bfc062723c751e8b465ee728b)  -> (artifact id: '7d75c0acc75f52d5dae0dff46484fd58') in 0.034595 seconds
  Import took 0.037323 seconds .

========================================================================
Received Import Request.
  Time since last request: 0.000289 seconds.
  path: Assets/Sound/Music/Karate Person.mp3
  artifactKey: Guid(a91c321440922424bb6896be8d02f202) Importer(815301076,1909f56bfc062723c751e8b465ee728b)
Start importing Assets/Sound/Music/Karate Person.mp3 using Guid(a91c321440922424bb6896be8d02f202) Importer(815301076,1909f56bfc062723c751e8b465ee728b)  -> (artifact id: '7a6bad4258ee429c0ae749805aab2b53') in 0.031351 seconds
  Import took 0.034222 seconds .

========================================================================
Received Import Request.
  Time since last request: 0.000206 seconds.
  path: Assets/Sound/Music/k_jose_-_pixelated_affection.it
  artifactKey: Guid(9acdfc59a14b2d74f8e38f72b47a9ddd) Importer(815301076,1909f56bfc062723c751e8b465ee728b)
Start importing Assets/Sound/Music/k_jose_-_pixelated_affection.it using Guid(9acdfc59a14b2d74f8e38f72b47a9ddd) Importer(815301076,1909f56bfc062723c751e8b465ee728b)  -> (artifact id: '5111df7874b34683dfac820e58c08181') in 0.023778 seconds
  Import took 0.026081 seconds .

========================================================================
Received Import Request.
  Time since last request: 0.000256 seconds.
  path: Assets/Sound/Music/Terraria Soundtrack 32 - Frost Moon.mp3
  artifactKey: Guid(989098762665132448e3cee8e8198207) Importer(815301076,1909f56bfc062723c751e8b465ee728b)
Start importing Assets/Sound/Music/Terraria Soundtrack 32 - Frost Moon.mp3 using Guid(989098762665132448e3cee8e8198207) Importer(815301076,1909f56bfc062723c751e8b465ee728b)  -> (artifact id: 'f33064473f563296f46258e4ac9e4f67') in 0.030344 seconds
  Import took 0.033345 seconds .

========================================================================
Received Import Request.
  Time since last request: 0.000206 seconds.
  path: Assets/Sound/Music/piklopedia.mp3
  artifactKey: Guid(892c5995f1546ef4a9ff9f62ea050fbc) Importer(815301076,1909f56bfc062723c751e8b465ee728b)
Start importing Assets/Sound/Music/piklopedia.mp3 using Guid(892c5995f1546ef4a9ff9f62ea050fbc) Importer(815301076,1909f56bfc062723c751e8b465ee728b)  -> (artifact id: 'f2ed39b0d4040cf42d8d0a34477d2fb0') in 0.023053 seconds
  Import took 0.025881 seconds .

========================================================================
Received Import Request.
  Time since last request: 0.000203 seconds.
  path: Assets/Sound/Music/k_jose_-_enemy_forces.it
  artifactKey: Guid(3a929057491a07d4da79e9aefc691e93) Importer(815301076,1909f56bfc062723c751e8b465ee728b)
Start importing Assets/Sound/Music/k_jose_-_enemy_forces.it using Guid(3a929057491a07d4da79e9aefc691e93) Importer(815301076,1909f56bfc062723c751e8b465ee728b)  -> (artifact id: '13070a3377167425d34d22202bd2c28f') in 0.021535 seconds
  Import took 0.027071 seconds .

========================================================================
Received Import Request.
  Time since last request: 0.000387 seconds.
  path: Assets/Sound/Music/SHTANK - Overworld.wav
  artifactKey: Guid(d8ed686abcf3db943aae3b95056bec76) Importer(815301076,1909f56bfc062723c751e8b465ee728b)
Start importing Assets/Sound/Music/SHTANK - Overworld.wav using Guid(d8ed686abcf3db943aae3b95056bec76) Importer(815301076,1909f56bfc062723c751e8b465ee728b)  -> (artifact id: 'ee05d8a2fecf193d9805f41c404dae89') in 0.024432 seconds
  Import took 0.027272 seconds .

========================================================================
Received Import Request.
  Time since last request: 0.001859 seconds.
  path: Assets/Sound/Music/SHTANK - Overworld.wav
  artifactKey: Guid(d8ed686abcf3db943aae3b95056bec76) Importer(815301076,1909f56bfc062723c751e8b465ee728b)
Start importing Assets/Sound/Music/SHTANK - Overworld.wav using Guid(d8ed686abcf3db943aae3b95056bec76) Importer(815301076,1909f56bfc062723c751e8b465ee728b)  -> (artifact id: 'ee05d8a2fecf193d9805f41c404dae89') in 0.025714 seconds
  Import took 0.028792 seconds .

========================================================================
Received Import Request.
  Time since last request: 7.044469 seconds.
  path: Assets/Sound/Music/k_jose_-_modulated_joy.s3m
  artifactKey: Guid(bf4811f1bd548bf46a4d03ec9943e653) Importer(815301076,1909f56bfc062723c751e8b465ee728b)
Start importing Assets/Sound/Music/k_jose_-_modulated_joy.s3m using Guid(bf4811f1bd548bf46a4d03ec9943e653) Importer(815301076,1909f56bfc062723c751e8b465ee728b)  -> (artifact id: '0ba4f28fa49128240636c8b4ce388537') in 0.010217 seconds
  Import took 0.013010 seconds .

========================================================================
Received Import Request.
  Time since last request: 0.002395 seconds.
  path: Assets/Sound/Music/k_jose_-_modulated_joy.s3m
  artifactKey: Guid(bf4811f1bd548bf46a4d03ec9943e653) Importer(815301076,1909f56bfc062723c751e8b465ee728b)
Start importing Assets/Sound/Music/k_jose_-_modulated_joy.s3m using Guid(bf4811f1bd548bf46a4d03ec9943e653) Importer(815301076,1909f56bfc062723c751e8b465ee728b)  -> (artifact id: '0ba4f28fa49128240636c8b4ce388537') in 0.008587 seconds
  Import took 0.011847 seconds .

